<?xml version="1.0" encoding="UTF-8"?>
<testng-results ignored="0" total="1" passed="1" failed="0" skipped="0">
  <reporter-output>
  </reporter-output>
  <suite started-at="2021-10-05T11:26:11 EDT" name="Surefire suite" finished-at="2021-10-05T11:26:19 EDT" duration-ms="8237">
    <groups>
    </groups>
    <test started-at="2021-10-05T11:26:11 EDT" name="Surefire test" finished-at="2021-10-05T11:26:19 EDT" duration-ms="8237">
      <class name="craigslist.TestSearchPrius">
        <test-method is-config="true" signature="setUpClass()[pri:0, instance:craigslist.TestSearchPrius@3b69e7d1]" started-at="2021-10-05T11:26:11 EDT" name="setUpClass" finished-at="2021-10-05T11:26:17 EDT" duration-ms="6126" status="PASS">
          <reporter-output>
          </reporter-output>
        </test-method> <!-- setUpClass -->
        <test-method signature="TestStartSearching()[pri:0, instance:craigslist.TestSearchPrius@3b69e7d1]" started-at="2021-10-05T11:26:17 EDT" name="TestStartSearching" finished-at="2021-10-05T11:26:18 EDT" duration-ms="1410" status="PASS">
          <reporter-output>
          </reporter-output>
        </test-method> <!-- TestStartSearching -->
        <test-method is-config="true" signature="tearDown()[pri:0, instance:craigslist.TestSearchPrius@3b69e7d1]" started-at="2021-10-05T11:26:18 EDT" name="tearDown" finished-at="2021-10-05T11:26:19 EDT" duration-ms="669" status="PASS">
          <reporter-output>
          </reporter-output>
        </test-method> <!-- tearDown -->
      </class> <!-- craigslist.TestSearchPrius -->
    </test> <!-- Surefire test -->
  </suite> <!-- Surefire suite -->
</testng-results>
